Sep 09, 2020 3:18:30 PM server.testserver.ServerTest main
INFO: Wating for client port8081
Sep 09, 2020 3:18:38 PM server.testserver.ServerTest main
INFO: server just connected /127.0.0.1:61297
Sep 09, 2020 3:18:38 PM server.testserver.ServerTest main
INFO: Wating for client port8081
Sep 09, 2020 3:18:38 PM server.testserver.ServerTest main
INFO: server just connected /127.0.0.1:61298
Sep 09, 2020 3:18:38 PM server.testserver.ServerTest main
INFO: Wating for client port8081
Sep 09, 2020 3:18:38 PM server.multithreadserver.ServerMultiThread run
INFO: recieve client request.
 Transaction Id=1
Sep 09, 2020 3:18:38 PM server.multithreadserver.ServerMultiThread run
INFO: recieve client request.
 Transaction Id=1
Sep 09, 2020 3:18:38 PM server.multithreadserver.ServerMultiThread run
INFO: check request validation of Terminal
 Transaction Id =1
Sep 09, 2020 3:18:38 PM server.multithreadserver.ServerMultiThread run
INFO: check request validation of Terminal
 Transaction Id =1
Sep 09, 2020 3:18:38 PM server.multithreadserver.ServerMultiThread run
INFO: sent response of Terminal 1
Sep 09, 2020 3:18:38 PM server.multithreadserver.ServerMultiThread run
INFO: sent response of Terminal 1
Sep 09, 2020 3:18:38 PM server.testserver.ServerTest main
INFO: server just connected /127.0.0.1:61299
Sep 09, 2020 3:18:38 PM server.testserver.ServerTest main
INFO: Wating for client port8081
Sep 09, 2020 3:18:38 PM server.testserver.ServerTest main
INFO: server just connected /127.0.0.1:61300
Sep 09, 2020 3:18:38 PM server.testserver.ServerTest main
INFO: Wating for client port8081
Sep 09, 2020 3:18:38 PM server.multithreadserver.ServerMultiThread run
INFO: recieve client request.
 Transaction Id=2
Sep 09, 2020 3:18:38 PM server.multithreadserver.ServerMultiThread run
INFO: recieve client request.
 Transaction Id=2
Sep 09, 2020 3:18:38 PM server.multithreadserver.ServerMultiThread run
INFO: check request validation of Terminal
 Transaction Id =2
Sep 09, 2020 3:18:38 PM server.multithreadserver.ServerMultiThread run
INFO: check request validation of Terminal
 Transaction Id =2
Sep 09, 2020 3:18:38 PM server.multithreadserver.ServerMultiThread run
INFO: sent response of Terminal 2
Sep 09, 2020 3:18:38 PM server.multithreadserver.ServerMultiThread run
INFO: sent response of Terminal 2
