Sep 09, 2020 4:28:36 PM client.thread.ClientThread run
INFO: start terminal21374
Sep 09, 2020 4:28:36 PM client.thread.ClientThread run
INFO: start terminal21374
Sep 09, 2020 4:28:36 PM client.thread.ClientThread run
INFO: connect to terminal: localhost on port: 8081
Sep 09, 2020 4:28:36 PM client.thread.ClientThread run
INFO: connect to terminal: localhost on port: 8081
Sep 09, 2020 4:28:36 PM client.thread.ClientThread run
INFO: connected to:localhost/127.0.0.1:8081
Sep 09, 2020 4:28:36 PM client.thread.ClientThread run
INFO: connected to:localhost/127.0.0.1:8081
Sep 09, 2020 4:28:36 PM client.thread.ClientThread run
INFO: send transaction1to server
Sep 09, 2020 4:28:36 PM client.thread.ClientThread run
INFO: send transaction1to server
Sep 09, 2020 4:28:36 PM client.thread.ClientThread run
INFO: Responce of transaction1is receive and server say: 1
Sep 09, 2020 4:28:36 PM client.thread.ClientThread run
INFO: Responce of transaction1is receive and server say: 1
Sep 09, 2020 4:28:36 PM client.thread.ClientThread run
INFO: connect to terminal: localhost on port: 8081
Sep 09, 2020 4:28:36 PM client.thread.ClientThread run
INFO: connect to terminal: localhost on port: 8081
Sep 09, 2020 4:28:36 PM client.thread.ClientThread run
INFO: connected to:localhost/127.0.0.1:8081
Sep 09, 2020 4:28:36 PM client.thread.ClientThread run
INFO: connected to:localhost/127.0.0.1:8081
Sep 09, 2020 4:28:36 PM client.thread.ClientThread run
INFO: send transaction2to server
Sep 09, 2020 4:28:36 PM client.thread.ClientThread run
INFO: send transaction2to server
Sep 09, 2020 4:28:36 PM client.thread.ClientThread run
INFO: Responce of transaction2is receive and server say: 1
Sep 09, 2020 4:28:36 PM client.thread.ClientThread run
INFO: Responce of transaction2is receive and server say: 1
